~~~
<div id="5066164a-8dce-4c06-b88d-74c1ec70cd42" data-jscall-id="108" style="visibility: hidden;">
  <div data-jscall-id="103">slider 1: 
    <input step="1" max="100" min="1" data-jscall-id="104" value="1" oninput="JSServe.update_obs('7128956974496534450', parseFloat(value))" type="range" />
    <p data-jscall-id="102">1</p>
  </div>
  <script data-jscall-id="105" type="text/javascript">
    window.__define = window.define;
    window.__require = window.require;
    window.define = undefined;
    window.require = undefined;

</script>
  <script data-jscall-id="106" type="text/javascript">
    window.define = window.__define;
    window.require = window.__require;
    window.__define = undefined;
    window.__require = undefined;

</script>
  <script data-jscall-id="107" type="text/javascript">
(()=> {
    JSServe.register_sub_session('5066164a-8dce-4c06-b88d-74c1ec70cd42')
    const init_data_b64 = 'H4sIAAAAAAAAA8VUT2/TMBwV134K37JKaxcnzj+kcYBxoBIMVG4IWa79WzEkdhQ7XaOJSzkjwZUbIK3cx4fgK/BtcNPRDVR1op1ELnHk93vOey95s3nJmlwz8end79WdL1JcJDhIsyjOEkKyOAoJifxvhRlT25TwOVphZxeUvmYTZnglS9vuUno+GD7QAlaYc6PrisPPHxXYulLopFbcSq2QVrQuBbOwp+CUTlheQxeddZC7Dg6kslCVOmdWqjHSJ+jo+DFSjtcgpgTS9hVUaFDnkqF20qBTXb1BhTY2bxAzCKYlcAvibkvItTIWlRRyKEBZdIgoBTdI3YaFqaX0hf+yRa4wfakUVM/dpkOv3rDztjO/nPm4Vv78SBdPrun/iv3gRkvxH/Z/xzhJ0iQOceruJEuzIF3rv1gQRwSTwLEHSZCl2I/TcC12SUwi4odh5IdJ7JY4ioNg52CfXgbb+nN4Dw2GQ6gm0F+GSxehUWZtJUe1y3qN7/vIMxZKb39J0f1ng8nNpuHttB3fgraCTXeTtjni/6lMql1D2/hBbint2S1Ia2d3jG3zLz/bStv7qzZjZZlLzhZdSoUuXEsJzeu2usZgHy5b7H7zSOx5kR/HOCaslwoOPcL9uDdKU9FLCMfAE58LEnjdtv/+Yu0b2+TQn0gjRzKXtnHHeO1TDt6qCj9c6boWX/YLk2Qu518GAAA='
    JSServe.init_from_b64(init_data_b64)
    if (!true){
        JSServe.update_obs('15485503902447697224', true)
    }
})()
</script>
</div>
~~~
